2025-03-04 21:11:41,394 [INFO] Activator:176 - 


2025-03-04 21:11:41,397 [INFO] Activator:177 - !SESSION log4j initialized
2025-03-04 21:11:44,193 [INFO] LogOutputStream:77 - [STDOUT_REDIRECT] 
2025-03-04 21:11:53,555 [INFO] ApplicationProperties:184 - Using Application install path: C:\ST\STM32CubeIDE_1.17.0\STM32CubeIDE\plugins\com.st.stm32cube.common.mx_6.13.0.202411220809
2025-03-04 21:11:53,568 [INFO] DbMcusXml:78 - Set database path to: C:\ST\STM32CubeIDE_1.17.0\STM32CubeIDE\plugins\com.st.stm32cube.common.mx_6.13.0.202411220809\\db\/mcu/
2025-03-04 21:11:53,568 [INFO] ApiDb:274 - Set plugin database path to: C:\ST\STM32CubeIDE_1.17.0\STM32CubeIDE\plugins\com.st.stm32cube.common.mx_6.13.0.202411220809\\db\/plugins/boardmanager/
2025-03-04 21:11:53,569 [WARN] ApiDb:259 - Overriding images path with different value:  => C:\ST\STM32CubeIDE_1.17.0\STM32CubeIDE\plugins\com.st.stm32cube.common.mx_6.13.0.202411220809\\db\/plugins/mcufinder/images/
2025-03-04 21:11:53,576 [INFO] ApiDb:250 - Set database path to: C:\Users\sanic.DESKTOP-1NSTN5M\.stmcufinder\plugins\mcufinder//mcu/
2025-03-04 21:11:53,577 [INFO] DbMcusAds:125 - Set database path to: C:\Users\sanic.DESKTOP-1NSTN5M\.stmcufinder\plugins\mcufinder//mcu/
2025-03-04 21:11:53,579 [INFO] CrossReferenceDbSqlite:203 - Set database path to: C:\Users\sanic.DESKTOP-1NSTN5M\.stmcufinder\plugins\mcufinder//mcu/cs/
2025-03-04 21:11:53,696 [INFO] RulesReader:64 - Compatibility file has been processed (297 Rules)
2025-03-04 21:11:53,778 [INFO] DbMcusXml:78 - Set database path to: C:\ST\STM32CubeIDE_1.17.0\STM32CubeIDE\plugins\com.st.stm32cube.common.mx_6.13.0.202411220809\\db\/mcu/
2025-03-04 21:11:53,779 [INFO] ApiDb:274 - Set plugin database path to: C:\ST\STM32CubeIDE_1.17.0\STM32CubeIDE\plugins\com.st.stm32cube.common.mx_6.13.0.202411220809\\db\/plugins/boardmanager/
2025-03-04 21:11:53,779 [INFO] ApiDb:261 - Set plugin images path to: C:\ST\STM32CubeIDE_1.17.0\STM32CubeIDE\plugins\com.st.stm32cube.common.mx_6.13.0.202411220809\\db\/plugins/mcufinder/images/
2025-03-04 21:11:53,779 [WARN] DbFile:41 - Overriding database path with different value: C:\Users\sanic.DESKTOP-1NSTN5M\.stmcufinder\plugins\mcufinder/ => C:\Users\sanic.DESKTOP-1NSTN5M\.stmcufinder\plugins\mcufinder
2025-03-04 21:11:53,779 [INFO] ApiDb:250 - Set database path to: C:\Users\sanic.DESKTOP-1NSTN5M\.stmcufinder\plugins\mcufinder//mcu/
2025-03-04 21:11:53,780 [WARN] DbFile:41 - Overriding database path with different value: C:\Users\sanic.DESKTOP-1NSTN5M\.stmcufinder\plugins\mcufinder/ => C:\Users\sanic.DESKTOP-1NSTN5M\.stmcufinder\plugins\mcufinder
2025-03-04 21:11:53,780 [INFO] DbMcusAds:125 - Set database path to: C:\Users\sanic.DESKTOP-1NSTN5M\.stmcufinder\plugins\mcufinder//mcu/
2025-03-04 21:11:53,780 [WARN] DbFile:41 - Overriding database path with different value: C:\Users\sanic.DESKTOP-1NSTN5M\.stmcufinder\plugins\mcufinder/ => C:\Users\sanic.DESKTOP-1NSTN5M\.stmcufinder\plugins\mcufinder
2025-03-04 21:11:53,780 [WARN] DbFile:41 - Overriding database path with different value: C:\Users\sanic.DESKTOP-1NSTN5M\.stmcufinder\plugins\mcufinder/ => C:\Users\sanic.DESKTOP-1NSTN5M\.stmcufinder\plugins\mcufinder
2025-03-04 21:11:53,780 [INFO] CrossReferenceDbSqlite:203 - Set database path to: C:\Users\sanic.DESKTOP-1NSTN5M\.stmcufinder\plugins\mcufinder//mcu/cs/
2025-03-04 21:11:53,846 [INFO] MainPanel:272 - HeapMemory: 268435456
2025-03-04 21:11:53,940 [INFO] DbMcusXml:78 - Set database path to: C:\ST\STM32CubeIDE_1.17.0\STM32CubeIDE\plugins\com.st.stm32cube.common.mx_6.13.0.202411220809\\db\/mcu/
2025-03-04 21:11:53,940 [INFO] ApiDb:274 - Set plugin database path to: C:\ST\STM32CubeIDE_1.17.0\STM32CubeIDE\plugins\com.st.stm32cube.common.mx_6.13.0.202411220809\\db\/plugins/boardmanager/
2025-03-04 21:11:53,940 [INFO] ApiDb:261 - Set plugin images path to: C:\ST\STM32CubeIDE_1.17.0\STM32CubeIDE\plugins\com.st.stm32cube.common.mx_6.13.0.202411220809\\db\/plugins/mcufinder/images/
2025-03-04 21:11:53,941 [WARN] DbFile:41 - Overriding database path with different value: C:\Users\sanic.DESKTOP-1NSTN5M\.stmcufinder\plugins\mcufinder/ => C:\Users\sanic.DESKTOP-1NSTN5M\.stmcufinder\plugins\mcufinder
2025-03-04 21:11:53,941 [INFO] ApiDb:250 - Set database path to: C:\Users\sanic.DESKTOP-1NSTN5M\.stmcufinder\plugins\mcufinder//mcu/
2025-03-04 21:11:53,941 [WARN] DbFile:41 - Overriding database path with different value: C:\Users\sanic.DESKTOP-1NSTN5M\.stmcufinder\plugins\mcufinder/ => C:\Users\sanic.DESKTOP-1NSTN5M\.stmcufinder\plugins\mcufinder
2025-03-04 21:11:53,941 [INFO] DbMcusAds:125 - Set database path to: C:\Users\sanic.DESKTOP-1NSTN5M\.stmcufinder\plugins\mcufinder//mcu/
2025-03-04 21:11:53,941 [WARN] DbFile:41 - Overriding database path with different value: C:\Users\sanic.DESKTOP-1NSTN5M\.stmcufinder\plugins\mcufinder/ => C:\Users\sanic.DESKTOP-1NSTN5M\.stmcufinder\plugins\mcufinder
2025-03-04 21:11:53,941 [WARN] DbFile:41 - Overriding database path with different value: C:\Users\sanic.DESKTOP-1NSTN5M\.stmcufinder\plugins\mcufinder/ => C:\Users\sanic.DESKTOP-1NSTN5M\.stmcufinder\plugins\mcufinder
2025-03-04 21:11:53,941 [INFO] CrossReferenceDbSqlite:203 - Set database path to: C:\Users\sanic.DESKTOP-1NSTN5M\.stmcufinder\plugins\mcufinder//mcu/cs/
2025-03-04 21:11:53,959 [INFO] ApplicationProperties:184 - Using Application install path: C:\ST\STM32CubeIDE_1.17.0\STM32CubeIDE\plugins\com.st.stm32cube.common.mx_6.13.0.202411220809
2025-03-04 21:11:53,960 [INFO] PluginManage:196 - Search for loadable plugins [exclusion list=, ]
2025-03-04 21:11:53,963 [INFO] PluginManage:310 - Check plugin analytics
2025-03-04 21:11:54,191 [INFO] AnalyticsPlugin:253 - Accepted Software Licenses: 
2025-03-04 21:11:54,191 [INFO] AnalyticsPlugin:255 - Accepted CMSIS Pack Licenses: 
2025-03-04 21:11:54,191 [INFO] AnalyticsPlugin:257 - Accepted Firmware Licenses: 
2025-03-04 21:11:54,195 [INFO] PluginManage:359 - Loaded plugin analytics (category:tool,tabindex:-1)
2025-03-04 21:11:54,196 [INFO] PluginManage:310 - Check plugin cadmodel
2025-03-04 21:11:54,200 [INFO] CADModel:105 - Init CAD model plugin
2025-03-04 21:11:54,201 [INFO] PluginManage:359 - Loaded plugin cadmodel (category:power,tabindex:5)
2025-03-04 21:11:54,201 [INFO] PluginManage:310 - Check plugin clock
2025-03-04 21:11:54,213 [INFO] PluginManage:359 - Loaded plugin clock (category:base,tabindex:2)
2025-03-04 21:11:54,213 [INFO] PluginManage:310 - Check plugin ddr
2025-03-04 21:11:54,215 [INFO] PluginManage:359 - Loaded plugin ddr (category:tool,tabindex:6)
2025-03-04 21:11:54,216 [INFO] PluginManage:310 - Check plugin filemanager
2025-03-04 21:11:54,403 [INFO] PluginManage:359 - Loaded plugin filemanager (category:base,tabindex:10)
2025-03-04 21:11:54,403 [INFO] PluginManage:310 - Check plugin ipmanager
2025-03-04 21:11:54,411 [INFO] PluginManage:359 - Loaded plugin ipmanager (category:base,tabindex:5)
2025-03-04 21:11:54,411 [INFO] PluginManage:310 - Check plugin lpbam
2025-03-04 21:11:54,420 [INFO] PluginManage:359 - Loaded plugin lpbam (category:base,tabindex:0)
2025-03-04 21:11:54,421 [INFO] PluginManage:310 - Check plugin memorymap
2025-03-04 21:11:54,436 [INFO] PluginManage:359 - Loaded plugin memorymap (category:base,tabindex:4)
2025-03-04 21:11:54,436 [INFO] PluginManage:310 - Check plugin pinoutandconfiguration
2025-03-04 21:11:54,444 [INFO] PluginManage:359 - Loaded plugin pinoutandconfiguration (category:base,tabindex:1)
2025-03-04 21:11:54,444 [INFO] PluginManage:310 - Check plugin pinoutconfig
2025-03-04 21:11:54,531 [WARN] SupportedApi:132 - Cannot load RTOS API schema: s4s-elt-must-match.1: The content of 'definitions' must match (annotation?, (simpleType | complexType)?, (unique | key | keyref)*)). A problem was found starting at: attribute.
2025-03-04 21:11:54,666 [INFO] PluginManage:359 - Loaded plugin pinoutconfig (category:base,tabindex:0)
2025-03-04 21:11:54,666 [INFO] PluginManage:310 - Check plugin power
2025-03-04 21:11:54,673 [INFO] PluginManage:359 - Loaded plugin power (category:power,tabindex:4)
2025-03-04 21:11:54,673 [INFO] PluginManage:310 - Check plugin projectmanager
2025-03-04 21:11:54,688 [INFO] PluginManage:359 - Loaded plugin projectmanager (category:projectmanager,tabindex:4)
2025-03-04 21:11:54,688 [INFO] PluginManage:310 - Check plugin rif
2025-03-04 21:11:54,696 [INFO] PluginManage:359 - Loaded plugin rif (category:base,tabindex:3)
2025-03-04 21:11:54,696 [INFO] PluginManage:310 - Check plugin thirdparty
2025-03-04 21:11:54,842 [INFO] PluginManage:359 - Loaded plugin thirdparty (category:base,tabindex:-1)
2025-03-04 21:11:54,842 [WARN] IntegrityCheckThread:84 - waiting for thirdparty lock release [integrity check]
2025-03-04 21:11:54,842 [INFO] PluginManage:310 - Check plugin tools
2025-03-04 21:11:54,842 [INFO] IntegrityCheckThread:86 - entering critical section [integrity check]
2025-03-04 21:11:54,843 [INFO] ThirdPartyUpdaterWithRetryManager:70 - Updater plugin not ready yet. [1/15]
2025-03-04 21:11:54,846 [INFO] PluginManage:359 - Loaded plugin tools (category:base,tabindex:7)
2025-03-04 21:11:54,846 [INFO] PluginManage:310 - Check plugin tutovideos
2025-03-04 21:11:55,026 [INFO] PluginManage:359 - Loaded plugin tutovideos (category:base,tabindex:-1)
2025-03-04 21:11:55,026 [INFO] PluginManage:310 - Check plugin updater
2025-03-04 21:11:55,046 [INFO] PluginManage:359 - Loaded plugin updater (category:base,tabindex:12)
2025-03-04 21:11:55,046 [INFO] PluginManage:310 - Check plugin userauth
2025-03-04 21:11:55,052 [INFO] UserAuth:118 - Init User Auth plugin
2025-03-04 21:11:55,053 [INFO] PluginManage:359 - Loaded plugin userauth (category:base,tabindex:14)
2025-03-04 21:11:55,053 [INFO] PluginManage:283 - PluginManage : Loaded plugins [18]
2025-03-04 21:11:55,269 [INFO] PinOutPanel:1589 - setPackage(No Configuration,No Configuration)
2025-03-04 21:11:55,445 [INFO] CADModel:165 - CPN selected for project level
2025-03-04 21:11:55,445 [INFO] CADModel:114 - Register for checkConnection events
2025-03-04 21:11:55,473 [INFO] IPUIPlugin:80 - create IPUIPlugin
2025-03-04 21:11:55,473 [INFO] PluginManager:220 - loadIPPluginJar : add adc
2025-03-04 21:11:55,479 [INFO] IPUIPlugin:80 - create IPUIPlugin
2025-03-04 21:11:55,479 [INFO] PluginManager:220 - loadIPPluginJar : add aes
2025-03-04 21:11:55,485 [INFO] IPUIPlugin:80 - create IPUIPlugin
2025-03-04 21:11:55,486 [INFO] PluginManager:220 - loadIPPluginJar : add can
2025-03-04 21:11:55,489 [INFO] IPUIPlugin:80 - create IPUIPlugin
2025-03-04 21:11:55,489 [INFO] PluginManager:220 - loadIPPluginJar : add comp
2025-03-04 21:11:55,494 [INFO] IPUIPlugin:80 - create IPUIPlugin
2025-03-04 21:11:55,494 [INFO] PluginManager:220 - loadIPPluginJar : add cryp
2025-03-04 21:11:55,499 [INFO] IPUIPlugin:80 - create IPUIPlugin
2025-03-04 21:11:55,499 [INFO] PluginManager:220 - loadIPPluginJar : add ddr_ctrl_phy
2025-03-04 21:11:55,504 [INFO] IPUIPlugin:80 - create IPUIPlugin
2025-03-04 21:11:55,504 [INFO] PluginManager:220 - loadIPPluginJar : add dfsdm
2025-03-04 21:11:55,514 [INFO] IPUIPlugin:80 - create IPUIPlugin
2025-03-04 21:11:55,516 [INFO] PluginManager:220 - loadIPPluginJar : add dma
2025-03-04 21:11:55,522 [INFO] IPUIPlugin:80 - create IPUIPlugin
2025-03-04 21:11:55,522 [INFO] PluginManager:220 - loadIPPluginJar : add dma3
2025-03-04 21:11:55,528 [INFO] IPUIPlugin:80 - create IPUIPlugin
2025-03-04 21:11:55,529 [INFO] PluginManager:220 - loadIPPluginJar : add extmemmanager
2025-03-04 21:11:55,532 [INFO] IPUIPlugin:80 - create IPUIPlugin
2025-03-04 21:11:55,532 [INFO] PluginManager:220 - loadIPPluginJar : add fatfs
2025-03-04 21:11:55,540 [INFO] IPUIPlugin:80 - create IPUIPlugin
2025-03-04 21:11:55,540 [INFO] PluginManager:220 - loadIPPluginJar : add fmc
2025-03-04 21:11:55,550 [INFO] IPUIPlugin:80 - create IPUIPlugin
2025-03-04 21:11:55,550 [INFO] PluginManager:220 - loadIPPluginJar : add freertos
2025-03-04 21:11:55,553 [INFO] IPUIPlugin:80 - create IPUIPlugin
2025-03-04 21:11:55,553 [INFO] PluginManager:220 - loadIPPluginJar : add genericplugin
2025-03-04 21:11:55,558 [INFO] IPUIPlugin:80 - create IPUIPlugin
2025-03-04 21:11:55,558 [INFO] PluginManager:220 - loadIPPluginJar : add gfxmmu
2025-03-04 21:11:55,570 [INFO] IPUIPlugin:80 - create IPUIPlugin
2025-03-04 21:11:55,570 [INFO] PluginManager:220 - loadIPPluginJar : add gic
2025-03-04 21:11:55,578 [INFO] IPUIPlugin:80 - create IPUIPlugin
2025-03-04 21:11:55,579 [INFO] PluginManager:220 - loadIPPluginJar : add gpio
2025-03-04 21:11:55,585 [INFO] IPUIPlugin:80 - create IPUIPlugin
2025-03-04 21:11:55,585 [INFO] PluginManager:220 - loadIPPluginJar : add gtzc
2025-03-04 21:11:55,589 [INFO] IPUIPlugin:80 - create IPUIPlugin
2025-03-04 21:11:55,590 [INFO] PluginManager:220 - loadIPPluginJar : add hash
2025-03-04 21:11:55,594 [INFO] IPUIPlugin:80 - create IPUIPlugin
2025-03-04 21:11:55,594 [INFO] PluginManager:220 - loadIPPluginJar : add i2c
2025-03-04 21:11:55,599 [INFO] IPUIPlugin:80 - create IPUIPlugin
2025-03-04 21:11:55,599 [INFO] PluginManager:220 - loadIPPluginJar : add i2s
2025-03-04 21:11:55,604 [INFO] IPUIPlugin:80 - create IPUIPlugin
2025-03-04 21:11:55,604 [INFO] PluginManager:220 - loadIPPluginJar : add i3c
2025-03-04 21:11:55,609 [INFO] IPUIPlugin:80 - create IPUIPlugin
2025-03-04 21:11:55,610 [INFO] PluginManager:220 - loadIPPluginJar : add ipddr
2025-03-04 21:11:55,621 [INFO] IPUIPlugin:80 - create IPUIPlugin
2025-03-04 21:11:55,621 [INFO] PluginManager:220 - loadIPPluginJar : add linkedlist
2025-03-04 21:11:55,628 [INFO] IPUIPlugin:80 - create IPUIPlugin
2025-03-04 21:11:55,629 [INFO] PluginManager:220 - loadIPPluginJar : add lorawan
2025-03-04 21:11:55,632 [INFO] IPUIPlugin:80 - create IPUIPlugin
2025-03-04 21:11:55,632 [INFO] PluginManager:220 - loadIPPluginJar : add ltdc
2025-03-04 21:11:55,645 [INFO] IPUIPlugin:80 - create IPUIPlugin
2025-03-04 21:11:55,645 [INFO] PluginManager:220 - loadIPPluginJar : add mdma
2025-03-04 21:11:55,654 [INFO] IPUIPlugin:80 - create IPUIPlugin
2025-03-04 21:11:55,654 [INFO] PluginManager:220 - loadIPPluginJar : add nvic
2025-03-04 21:11:55,660 [INFO] IPUIPlugin:80 - create IPUIPlugin
2025-03-04 21:11:55,660 [INFO] PluginManager:220 - loadIPPluginJar : add opamp
2025-03-04 21:11:55,667 [INFO] IPUIPlugin:80 - create IPUIPlugin
2025-03-04 21:11:55,667 [INFO] PluginManager:220 - loadIPPluginJar : add openamp
2025-03-04 21:11:55,675 [INFO] IPUIPlugin:80 - create IPUIPlugin
2025-03-04 21:11:55,675 [INFO] PluginManager:220 - loadIPPluginJar : add pdm2pcm
2025-03-04 21:11:55,688 [INFO] IPUIPlugin:80 - create IPUIPlugin
2025-03-04 21:11:55,695 [INFO] PluginManager:220 - loadIPPluginJar : add plateformsettings
2025-03-04 21:11:55,699 [INFO] IPUIPlugin:80 - create IPUIPlugin
2025-03-04 21:11:55,699 [INFO] PluginManager:220 - loadIPPluginJar : add quadspi
2025-03-04 21:11:55,704 [INFO] IPUIPlugin:80 - create IPUIPlugin
2025-03-04 21:11:55,706 [INFO] PluginManager:220 - loadIPPluginJar : add radio
2025-03-04 21:11:55,712 [INFO] IPUIPlugin:80 - create IPUIPlugin
2025-03-04 21:11:55,712 [INFO] PluginManager:220 - loadIPPluginJar : add resmgrutility
2025-03-04 21:11:55,719 [INFO] IPUIPlugin:80 - create IPUIPlugin
2025-03-04 21:11:55,719 [INFO] PluginManager:220 - loadIPPluginJar : add sai
2025-03-04 21:11:55,725 [INFO] IPUIPlugin:80 - create IPUIPlugin
2025-03-04 21:11:55,725 [INFO] PluginManager:220 - loadIPPluginJar : add spi
2025-03-04 21:11:55,736 [INFO] IPUIPlugin:80 - create IPUIPlugin
2025-03-04 21:11:55,736 [INFO] PluginManager:220 - loadIPPluginJar : add stm32_wpan
2025-03-04 21:11:55,740 [INFO] IPUIPlugin:80 - create IPUIPlugin
2025-03-04 21:11:55,741 [INFO] PluginManager:220 - loadIPPluginJar : add tim
2025-03-04 21:11:55,746 [INFO] IPUIPlugin:80 - create IPUIPlugin
2025-03-04 21:11:55,747 [INFO] PluginManager:220 - loadIPPluginJar : add touchsensing
2025-03-04 21:11:55,751 [INFO] IPUIPlugin:80 - create IPUIPlugin
2025-03-04 21:11:55,751 [INFO] PluginManager:220 - loadIPPluginJar : add tracer_emb
2025-03-04 21:11:55,754 [INFO] IPUIPlugin:80 - create IPUIPlugin
2025-03-04 21:11:55,755 [INFO] PluginManager:220 - loadIPPluginJar : add ts
2025-03-04 21:11:55,758 [INFO] IPUIPlugin:80 - create IPUIPlugin
2025-03-04 21:11:55,758 [INFO] PluginManager:220 - loadIPPluginJar : add tsc
2025-03-04 21:11:55,763 [INFO] IPUIPlugin:80 - create IPUIPlugin
2025-03-04 21:11:55,764 [INFO] PluginManager:220 - loadIPPluginJar : add ucpd
2025-03-04 21:11:55,769 [INFO] IPUIPlugin:80 - create IPUIPlugin
2025-03-04 21:11:55,770 [INFO] PluginManager:220 - loadIPPluginJar : add usart
2025-03-04 21:11:55,776 [INFO] IPUIPlugin:80 - create IPUIPlugin
2025-03-04 21:11:55,777 [INFO] PluginManager:220 - loadIPPluginJar : add usbx
2025-03-04 21:11:55,975 [FATAL] Updater:351 - Updater called before beeing initialized
2025-03-04 21:11:56,027 [INFO] RulesReader:64 - Compatibility file has been processed (297 Rules)
2025-03-04 21:11:56,047 [INFO] RulesReader:64 - Compatibility file has been processed (297 Rules)
2025-03-04 21:11:56,061 [INFO] CADModel:165 - CPN selected for project level
2025-03-04 21:11:56,061 [INFO] CADModel:114 - Register for checkConnection events
2025-03-04 21:11:56,062 [FATAL] Updater:351 - Updater called before beeing initialized
2025-03-04 21:11:56,062 [ERROR] CADModel:125 - Updater not yet initialized, retry later 
2025-03-04 21:11:56,374 [FATAL] Updater:351 - Updater called before beeing initialized
2025-03-04 21:11:56,378 [INFO] CADModel:165 - CPN selected for project level
2025-03-04 21:11:56,378 [INFO] CADModel:114 - Register for checkConnection events
2025-03-04 21:11:56,379 [FATAL] Updater:351 - Updater called before beeing initialized
2025-03-04 21:11:56,379 [ERROR] CADModel:125 - Updater not yet initialized, retry later 
2025-03-04 21:11:56,386 [FATAL] Updater:351 - Updater called before beeing initialized
2025-03-04 21:11:56,705 [FATAL] Updater:351 - Updater called before beeing initialized
2025-03-04 21:11:56,718 [INFO] DbMcusAds:53 - JSON generation date=Tue Dec 17 19:01:15 TRT 2024 (1734451275143)
2025-03-04 21:11:56,719 [FATAL] Updater:351 - Updater called before beeing initialized
2025-03-04 21:11:56,829 [WARN] DetailPanel:346 - Failed to get advertising image, set to default
2025-03-04 21:11:57,752 [FATAL] Updater:351 - Updater called before beeing initialized
2025-03-04 21:11:57,755 [FATAL] Updater:351 - Updater called before beeing initialized
2025-03-04 21:11:57,755 [FATAL] Updater:351 - Updater called before beeing initialized
2025-03-04 21:11:57,756 [WARN] DetailPanel:346 - Failed to get advertising image, set to default
2025-03-04 21:11:57,757 [FATAL] Updater:351 - Updater called before beeing initialized
2025-03-04 21:11:57,845 [INFO] ThirdPartyUpdaterWithRetryManager:70 - Updater plugin not ready yet. [2/15]
2025-03-04 21:12:44,846 [INFO] Activator:176 - 


2025-03-04 21:12:44,850 [INFO] Activator:177 - !SESSION log4j initialized
2025-03-04 21:12:47,796 [INFO] LogOutputStream:77 - [STDOUT_REDIRECT] 
2025-03-04 21:13:04,268 [INFO] ApplicationProperties:184 - Using Application install path: C:\ST\STM32CubeIDE_1.17.0\STM32CubeIDE\plugins\com.st.stm32cube.common.mx_6.13.0.202411220809
2025-03-04 21:13:04,284 [INFO] DbMcusXml:78 - Set database path to: C:\ST\STM32CubeIDE_1.17.0\STM32CubeIDE\plugins\com.st.stm32cube.common.mx_6.13.0.202411220809\\db\/mcu/
2025-03-04 21:13:04,285 [INFO] ApiDb:274 - Set plugin database path to: C:\ST\STM32CubeIDE_1.17.0\STM32CubeIDE\plugins\com.st.stm32cube.common.mx_6.13.0.202411220809\\db\/plugins/boardmanager/
2025-03-04 21:13:04,285 [WARN] ApiDb:259 - Overriding images path with different value:  => C:\ST\STM32CubeIDE_1.17.0\STM32CubeIDE\plugins\com.st.stm32cube.common.mx_6.13.0.202411220809\\db\/plugins/mcufinder/images/
2025-03-04 21:13:04,292 [INFO] ApiDb:250 - Set database path to: C:\Users\sanic.DESKTOP-1NSTN5M\.stmcufinder\plugins\mcufinder//mcu/
2025-03-04 21:13:04,293 [INFO] DbMcusAds:125 - Set database path to: C:\Users\sanic.DESKTOP-1NSTN5M\.stmcufinder\plugins\mcufinder//mcu/
2025-03-04 21:13:04,306 [INFO] CrossReferenceDbSqlite:203 - Set database path to: C:\Users\sanic.DESKTOP-1NSTN5M\.stmcufinder\plugins\mcufinder//mcu/cs/
2025-03-04 21:13:04,447 [INFO] RulesReader:64 - Compatibility file has been processed (297 Rules)
2025-03-04 21:13:04,543 [INFO] DbMcusXml:78 - Set database path to: C:\ST\STM32CubeIDE_1.17.0\STM32CubeIDE\plugins\com.st.stm32cube.common.mx_6.13.0.202411220809\\db\/mcu/
2025-03-04 21:13:04,543 [INFO] ApiDb:274 - Set plugin database path to: C:\ST\STM32CubeIDE_1.17.0\STM32CubeIDE\plugins\com.st.stm32cube.common.mx_6.13.0.202411220809\\db\/plugins/boardmanager/
2025-03-04 21:13:04,543 [INFO] ApiDb:261 - Set plugin images path to: C:\ST\STM32CubeIDE_1.17.0\STM32CubeIDE\plugins\com.st.stm32cube.common.mx_6.13.0.202411220809\\db\/plugins/mcufinder/images/
2025-03-04 21:13:04,543 [WARN] DbFile:41 - Overriding database path with different value: C:\Users\sanic.DESKTOP-1NSTN5M\.stmcufinder\plugins\mcufinder/ => C:\Users\sanic.DESKTOP-1NSTN5M\.stmcufinder\plugins\mcufinder
2025-03-04 21:13:04,543 [INFO] ApiDb:250 - Set database path to: C:\Users\sanic.DESKTOP-1NSTN5M\.stmcufinder\plugins\mcufinder//mcu/
2025-03-04 21:13:04,543 [WARN] DbFile:41 - Overriding database path with different value: C:\Users\sanic.DESKTOP-1NSTN5M\.stmcufinder\plugins\mcufinder/ => C:\Users\sanic.DESKTOP-1NSTN5M\.stmcufinder\plugins\mcufinder
2025-03-04 21:13:04,544 [INFO] DbMcusAds:125 - Set database path to: C:\Users\sanic.DESKTOP-1NSTN5M\.stmcufinder\plugins\mcufinder//mcu/
2025-03-04 21:13:04,544 [WARN] DbFile:41 - Overriding database path with different value: C:\Users\sanic.DESKTOP-1NSTN5M\.stmcufinder\plugins\mcufinder/ => C:\Users\sanic.DESKTOP-1NSTN5M\.stmcufinder\plugins\mcufinder
2025-03-04 21:13:04,544 [WARN] DbFile:41 - Overriding database path with different value: C:\Users\sanic.DESKTOP-1NSTN5M\.stmcufinder\plugins\mcufinder/ => C:\Users\sanic.DESKTOP-1NSTN5M\.stmcufinder\plugins\mcufinder
2025-03-04 21:13:04,544 [INFO] CrossReferenceDbSqlite:203 - Set database path to: C:\Users\sanic.DESKTOP-1NSTN5M\.stmcufinder\plugins\mcufinder//mcu/cs/
2025-03-04 21:13:04,615 [INFO] MainPanel:272 - HeapMemory: 268435456
2025-03-04 21:13:04,691 [INFO] DbMcusXml:78 - Set database path to: C:\ST\STM32CubeIDE_1.17.0\STM32CubeIDE\plugins\com.st.stm32cube.common.mx_6.13.0.202411220809\\db\/mcu/
2025-03-04 21:13:04,692 [INFO] ApiDb:274 - Set plugin database path to: C:\ST\STM32CubeIDE_1.17.0\STM32CubeIDE\plugins\com.st.stm32cube.common.mx_6.13.0.202411220809\\db\/plugins/boardmanager/
2025-03-04 21:13:04,692 [INFO] ApiDb:261 - Set plugin images path to: C:\ST\STM32CubeIDE_1.17.0\STM32CubeIDE\plugins\com.st.stm32cube.common.mx_6.13.0.202411220809\\db\/plugins/mcufinder/images/
2025-03-04 21:13:04,692 [WARN] DbFile:41 - Overriding database path with different value: C:\Users\sanic.DESKTOP-1NSTN5M\.stmcufinder\plugins\mcufinder/ => C:\Users\sanic.DESKTOP-1NSTN5M\.stmcufinder\plugins\mcufinder
2025-03-04 21:13:04,692 [INFO] ApiDb:250 - Set database path to: C:\Users\sanic.DESKTOP-1NSTN5M\.stmcufinder\plugins\mcufinder//mcu/
2025-03-04 21:13:04,692 [WARN] DbFile:41 - Overriding database path with different value: C:\Users\sanic.DESKTOP-1NSTN5M\.stmcufinder\plugins\mcufinder/ => C:\Users\sanic.DESKTOP-1NSTN5M\.stmcufinder\plugins\mcufinder
2025-03-04 21:13:04,693 [INFO] DbMcusAds:125 - Set database path to: C:\Users\sanic.DESKTOP-1NSTN5M\.stmcufinder\plugins\mcufinder//mcu/
2025-03-04 21:13:04,693 [WARN] DbFile:41 - Overriding database path with different value: C:\Users\sanic.DESKTOP-1NSTN5M\.stmcufinder\plugins\mcufinder/ => C:\Users\sanic.DESKTOP-1NSTN5M\.stmcufinder\plugins\mcufinder
2025-03-04 21:13:04,693 [WARN] DbFile:41 - Overriding database path with different value: C:\Users\sanic.DESKTOP-1NSTN5M\.stmcufinder\plugins\mcufinder/ => C:\Users\sanic.DESKTOP-1NSTN5M\.stmcufinder\plugins\mcufinder
2025-03-04 21:13:04,693 [INFO] CrossReferenceDbSqlite:203 - Set database path to: C:\Users\sanic.DESKTOP-1NSTN5M\.stmcufinder\plugins\mcufinder//mcu/cs/
2025-03-04 21:13:04,710 [INFO] ApplicationProperties:184 - Using Application install path: C:\ST\STM32CubeIDE_1.17.0\STM32CubeIDE\plugins\com.st.stm32cube.common.mx_6.13.0.202411220809
2025-03-04 21:13:04,712 [INFO] PluginManage:196 - Search for loadable plugins [exclusion list=, ]
2025-03-04 21:13:04,713 [INFO] PluginManage:310 - Check plugin analytics
2025-03-04 21:13:04,938 [INFO] AnalyticsPlugin:253 - Accepted Software Licenses: 
2025-03-04 21:13:04,938 [INFO] AnalyticsPlugin:255 - Accepted CMSIS Pack Licenses: 
2025-03-04 21:13:04,938 [INFO] AnalyticsPlugin:257 - Accepted Firmware Licenses: 
2025-03-04 21:13:04,942 [INFO] PluginManage:359 - Loaded plugin analytics (category:tool,tabindex:-1)
2025-03-04 21:13:04,943 [INFO] PluginManage:310 - Check plugin cadmodel
2025-03-04 21:13:04,946 [INFO] CADModel:105 - Init CAD model plugin
2025-03-04 21:13:04,947 [INFO] PluginManage:359 - Loaded plugin cadmodel (category:power,tabindex:5)
2025-03-04 21:13:04,947 [INFO] PluginManage:310 - Check plugin clock
2025-03-04 21:13:04,958 [INFO] PluginManage:359 - Loaded plugin clock (category:base,tabindex:2)
2025-03-04 21:13:04,958 [INFO] PluginManage:310 - Check plugin ddr
2025-03-04 21:13:04,960 [INFO] PluginManage:359 - Loaded plugin ddr (category:tool,tabindex:6)
2025-03-04 21:13:04,960 [INFO] PluginManage:310 - Check plugin filemanager
2025-03-04 21:13:05,142 [INFO] PluginManage:359 - Loaded plugin filemanager (category:base,tabindex:10)
2025-03-04 21:13:05,142 [INFO] PluginManage:310 - Check plugin ipmanager
2025-03-04 21:13:05,151 [INFO] PluginManage:359 - Loaded plugin ipmanager (category:base,tabindex:5)
2025-03-04 21:13:05,151 [INFO] PluginManage:310 - Check plugin lpbam
2025-03-04 21:13:05,173 [INFO] PluginManage:359 - Loaded plugin lpbam (category:base,tabindex:0)
2025-03-04 21:13:05,173 [INFO] PluginManage:310 - Check plugin memorymap
2025-03-04 21:13:05,187 [INFO] PluginManage:359 - Loaded plugin memorymap (category:base,tabindex:4)
2025-03-04 21:13:05,188 [INFO] PluginManage:310 - Check plugin pinoutandconfiguration
2025-03-04 21:13:05,197 [INFO] PluginManage:359 - Loaded plugin pinoutandconfiguration (category:base,tabindex:1)
2025-03-04 21:13:05,197 [INFO] PluginManage:310 - Check plugin pinoutconfig
2025-03-04 21:13:05,285 [WARN] SupportedApi:132 - Cannot load RTOS API schema: s4s-elt-must-match.1: The content of 'definitions' must match (annotation?, (simpleType | complexType)?, (unique | key | keyref)*)). A problem was found starting at: attribute.
2025-03-04 21:13:05,412 [INFO] PluginManage:359 - Loaded plugin pinoutconfig (category:base,tabindex:0)
2025-03-04 21:13:05,412 [INFO] PluginManage:310 - Check plugin power
2025-03-04 21:13:05,422 [INFO] PluginManage:359 - Loaded plugin power (category:power,tabindex:4)
2025-03-04 21:13:05,423 [INFO] PluginManage:310 - Check plugin projectmanager
2025-03-04 21:13:05,441 [INFO] PluginManage:359 - Loaded plugin projectmanager (category:projectmanager,tabindex:4)
2025-03-04 21:13:05,442 [INFO] PluginManage:310 - Check plugin rif
2025-03-04 21:13:05,449 [INFO] PluginManage:359 - Loaded plugin rif (category:base,tabindex:3)
2025-03-04 21:13:05,450 [INFO] PluginManage:310 - Check plugin thirdparty
2025-03-04 21:13:05,605 [WARN] IntegrityCheckThread:84 - waiting for thirdparty lock release [integrity check]
2025-03-04 21:13:05,605 [INFO] PluginManage:359 - Loaded plugin thirdparty (category:base,tabindex:-1)
2025-03-04 21:13:05,605 [INFO] IntegrityCheckThread:86 - entering critical section [integrity check]
2025-03-04 21:13:05,606 [INFO] PluginManage:310 - Check plugin tools
2025-03-04 21:13:05,606 [INFO] ThirdPartyUpdaterWithRetryManager:70 - Updater plugin not ready yet. [1/15]
2025-03-04 21:13:05,612 [INFO] PluginManage:359 - Loaded plugin tools (category:base,tabindex:7)
2025-03-04 21:13:05,612 [INFO] PluginManage:310 - Check plugin tutovideos
2025-03-04 21:13:05,935 [INFO] PluginManage:359 - Loaded plugin tutovideos (category:base,tabindex:-1)
2025-03-04 21:13:05,935 [INFO] PluginManage:310 - Check plugin updater
2025-03-04 21:13:05,975 [INFO] PluginManage:359 - Loaded plugin updater (category:base,tabindex:12)
2025-03-04 21:13:05,976 [INFO] PluginManage:310 - Check plugin userauth
2025-03-04 21:13:05,983 [INFO] UserAuth:118 - Init User Auth plugin
2025-03-04 21:13:05,985 [INFO] PluginManage:359 - Loaded plugin userauth (category:base,tabindex:14)
2025-03-04 21:13:05,986 [INFO] PluginManage:283 - PluginManage : Loaded plugins [18]
2025-03-04 21:13:06,341 [INFO] PinOutPanel:1589 - setPackage(No Configuration,No Configuration)
2025-03-04 21:13:06,494 [INFO] CADModel:165 - CPN selected for project level
2025-03-04 21:13:06,494 [INFO] CADModel:114 - Register for checkConnection events
2025-03-04 21:13:06,520 [INFO] IPUIPlugin:80 - create IPUIPlugin
2025-03-04 21:13:06,521 [INFO] PluginManager:220 - loadIPPluginJar : add adc
2025-03-04 21:13:06,526 [INFO] IPUIPlugin:80 - create IPUIPlugin
2025-03-04 21:13:06,526 [INFO] PluginManager:220 - loadIPPluginJar : add aes
2025-03-04 21:13:06,531 [INFO] IPUIPlugin:80 - create IPUIPlugin
2025-03-04 21:13:06,531 [INFO] PluginManager:220 - loadIPPluginJar : add can
2025-03-04 21:13:06,533 [INFO] IPUIPlugin:80 - create IPUIPlugin
2025-03-04 21:13:06,533 [INFO] PluginManager:220 - loadIPPluginJar : add comp
2025-03-04 21:13:06,537 [INFO] IPUIPlugin:80 - create IPUIPlugin
2025-03-04 21:13:06,538 [INFO] PluginManager:220 - loadIPPluginJar : add cryp
2025-03-04 21:13:06,542 [INFO] IPUIPlugin:80 - create IPUIPlugin
2025-03-04 21:13:06,542 [INFO] PluginManager:220 - loadIPPluginJar : add ddr_ctrl_phy
2025-03-04 21:13:06,546 [INFO] IPUIPlugin:80 - create IPUIPlugin
2025-03-04 21:13:06,546 [INFO] PluginManager:220 - loadIPPluginJar : add dfsdm
2025-03-04 21:13:06,554 [INFO] IPUIPlugin:80 - create IPUIPlugin
2025-03-04 21:13:06,555 [INFO] PluginManager:220 - loadIPPluginJar : add dma
2025-03-04 21:13:06,560 [INFO] IPUIPlugin:80 - create IPUIPlugin
2025-03-04 21:13:06,560 [INFO] PluginManager:220 - loadIPPluginJar : add dma3
2025-03-04 21:13:06,565 [INFO] IPUIPlugin:80 - create IPUIPlugin
2025-03-04 21:13:06,565 [INFO] PluginManager:220 - loadIPPluginJar : add extmemmanager
2025-03-04 21:13:06,568 [INFO] IPUIPlugin:80 - create IPUIPlugin
2025-03-04 21:13:06,568 [INFO] PluginManager:220 - loadIPPluginJar : add fatfs
2025-03-04 21:13:06,576 [INFO] IPUIPlugin:80 - create IPUIPlugin
2025-03-04 21:13:06,576 [INFO] PluginManager:220 - loadIPPluginJar : add fmc
2025-03-04 21:13:06,584 [INFO] IPUIPlugin:80 - create IPUIPlugin
2025-03-04 21:13:06,584 [INFO] PluginManager:220 - loadIPPluginJar : add freertos
2025-03-04 21:13:06,587 [INFO] IPUIPlugin:80 - create IPUIPlugin
2025-03-04 21:13:06,587 [INFO] PluginManager:220 - loadIPPluginJar : add genericplugin
2025-03-04 21:13:06,591 [INFO] IPUIPlugin:80 - create IPUIPlugin
2025-03-04 21:13:06,591 [INFO] PluginManager:220 - loadIPPluginJar : add gfxmmu
2025-03-04 21:13:06,599 [INFO] IPUIPlugin:80 - create IPUIPlugin
2025-03-04 21:13:06,599 [INFO] PluginManager:220 - loadIPPluginJar : add gic
2025-03-04 21:13:06,607 [INFO] IPUIPlugin:80 - create IPUIPlugin
2025-03-04 21:13:06,607 [INFO] PluginManager:220 - loadIPPluginJar : add gpio
2025-03-04 21:13:06,612 [INFO] IPUIPlugin:80 - create IPUIPlugin
2025-03-04 21:13:06,613 [INFO] PluginManager:220 - loadIPPluginJar : add gtzc
2025-03-04 21:13:06,617 [INFO] IPUIPlugin:80 - create IPUIPlugin
2025-03-04 21:13:06,617 [INFO] PluginManager:220 - loadIPPluginJar : add hash
2025-03-04 21:13:06,621 [INFO] IPUIPlugin:80 - create IPUIPlugin
2025-03-04 21:13:06,622 [INFO] PluginManager:220 - loadIPPluginJar : add i2c
2025-03-04 21:13:06,626 [INFO] IPUIPlugin:80 - create IPUIPlugin
2025-03-04 21:13:06,627 [INFO] PluginManager:220 - loadIPPluginJar : add i2s
2025-03-04 21:13:06,632 [INFO] IPUIPlugin:80 - create IPUIPlugin
2025-03-04 21:13:06,632 [INFO] PluginManager:220 - loadIPPluginJar : add i3c
2025-03-04 21:13:06,637 [INFO] IPUIPlugin:80 - create IPUIPlugin
2025-03-04 21:13:06,637 [INFO] PluginManager:220 - loadIPPluginJar : add ipddr
2025-03-04 21:13:06,648 [INFO] IPUIPlugin:80 - create IPUIPlugin
2025-03-04 21:13:06,648 [INFO] PluginManager:220 - loadIPPluginJar : add linkedlist
2025-03-04 21:13:06,654 [INFO] IPUIPlugin:80 - create IPUIPlugin
2025-03-04 21:13:06,654 [INFO] PluginManager:220 - loadIPPluginJar : add lorawan
2025-03-04 21:13:06,657 [INFO] IPUIPlugin:80 - create IPUIPlugin
2025-03-04 21:13:06,657 [INFO] PluginManager:220 - loadIPPluginJar : add ltdc
2025-03-04 21:13:06,666 [INFO] IPUIPlugin:80 - create IPUIPlugin
2025-03-04 21:13:06,666 [INFO] PluginManager:220 - loadIPPluginJar : add mdma
2025-03-04 21:13:06,672 [INFO] IPUIPlugin:80 - create IPUIPlugin
2025-03-04 21:13:06,672 [INFO] PluginManager:220 - loadIPPluginJar : add nvic
2025-03-04 21:13:06,677 [INFO] IPUIPlugin:80 - create IPUIPlugin
2025-03-04 21:13:06,678 [INFO] PluginManager:220 - loadIPPluginJar : add opamp
2025-03-04 21:13:06,683 [INFO] IPUIPlugin:80 - create IPUIPlugin
2025-03-04 21:13:06,683 [INFO] PluginManager:220 - loadIPPluginJar : add openamp
2025-03-04 21:13:06,688 [INFO] IPUIPlugin:80 - create IPUIPlugin
2025-03-04 21:13:06,688 [INFO] PluginManager:220 - loadIPPluginJar : add pdm2pcm
2025-03-04 21:13:06,697 [INFO] IPUIPlugin:80 - create IPUIPlugin
2025-03-04 21:13:06,702 [INFO] PluginManager:220 - loadIPPluginJar : add plateformsettings
2025-03-04 21:13:06,705 [INFO] IPUIPlugin:80 - create IPUIPlugin
2025-03-04 21:13:06,705 [INFO] PluginManager:220 - loadIPPluginJar : add quadspi
2025-03-04 21:13:06,710 [INFO] IPUIPlugin:80 - create IPUIPlugin
2025-03-04 21:13:06,712 [INFO] PluginManager:220 - loadIPPluginJar : add radio
2025-03-04 21:13:06,718 [INFO] IPUIPlugin:80 - create IPUIPlugin
2025-03-04 21:13:06,718 [INFO] PluginManager:220 - loadIPPluginJar : add resmgrutility
2025-03-04 21:13:06,725 [INFO] IPUIPlugin:80 - create IPUIPlugin
2025-03-04 21:13:06,726 [INFO] PluginManager:220 - loadIPPluginJar : add sai
2025-03-04 21:13:06,730 [INFO] IPUIPlugin:80 - create IPUIPlugin
2025-03-04 21:13:06,730 [INFO] PluginManager:220 - loadIPPluginJar : add spi
2025-03-04 21:13:06,741 [INFO] IPUIPlugin:80 - create IPUIPlugin
2025-03-04 21:13:06,741 [INFO] PluginManager:220 - loadIPPluginJar : add stm32_wpan
2025-03-04 21:13:06,744 [INFO] IPUIPlugin:80 - create IPUIPlugin
2025-03-04 21:13:06,745 [INFO] PluginManager:220 - loadIPPluginJar : add tim
2025-03-04 21:13:06,751 [INFO] IPUIPlugin:80 - create IPUIPlugin
2025-03-04 21:13:06,751 [INFO] PluginManager:220 - loadIPPluginJar : add touchsensing
2025-03-04 21:13:06,755 [INFO] IPUIPlugin:80 - create IPUIPlugin
2025-03-04 21:13:06,756 [INFO] PluginManager:220 - loadIPPluginJar : add tracer_emb
2025-03-04 21:13:06,760 [INFO] IPUIPlugin:80 - create IPUIPlugin
2025-03-04 21:13:06,760 [INFO] PluginManager:220 - loadIPPluginJar : add ts
2025-03-04 21:13:06,763 [INFO] IPUIPlugin:80 - create IPUIPlugin
2025-03-04 21:13:06,763 [INFO] PluginManager:220 - loadIPPluginJar : add tsc
2025-03-04 21:13:06,768 [INFO] IPUIPlugin:80 - create IPUIPlugin
2025-03-04 21:13:06,769 [INFO] PluginManager:220 - loadIPPluginJar : add ucpd
2025-03-04 21:13:06,774 [INFO] IPUIPlugin:80 - create IPUIPlugin
2025-03-04 21:13:06,774 [INFO] PluginManager:220 - loadIPPluginJar : add usart
2025-03-04 21:13:06,780 [INFO] IPUIPlugin:80 - create IPUIPlugin
2025-03-04 21:13:06,781 [INFO] PluginManager:220 - loadIPPluginJar : add usbx
2025-03-04 21:13:06,995 [FATAL] Updater:351 - Updater called before beeing initialized
2025-03-04 21:13:07,066 [INFO] RulesReader:64 - Compatibility file has been processed (297 Rules)
2025-03-04 21:13:07,100 [INFO] RulesReader:64 - Compatibility file has been processed (297 Rules)
2025-03-04 21:13:07,117 [INFO] CADModel:165 - CPN selected for project level
2025-03-04 21:13:07,117 [INFO] CADModel:114 - Register for checkConnection events
2025-03-04 21:13:07,118 [FATAL] Updater:351 - Updater called before beeing initialized
2025-03-04 21:13:07,118 [ERROR] CADModel:125 - Updater not yet initialized, retry later 
2025-03-04 21:13:07,426 [FATAL] Updater:351 - Updater called before beeing initialized
2025-03-04 21:13:07,428 [INFO] CADModel:165 - CPN selected for project level
2025-03-04 21:13:07,429 [INFO] CADModel:114 - Register for checkConnection events
2025-03-04 21:13:07,429 [FATAL] Updater:351 - Updater called before beeing initialized
2025-03-04 21:13:07,429 [ERROR] CADModel:125 - Updater not yet initialized, retry later 
2025-03-04 21:13:07,434 [FATAL] Updater:351 - Updater called before beeing initialized
2025-03-04 21:13:07,652 [FATAL] Updater:351 - Updater called before beeing initialized
2025-03-04 21:13:07,661 [INFO] DbMcusAds:53 - JSON generation date=Tue Dec 17 19:01:15 TRT 2024 (1734451275143)
2025-03-04 21:13:07,661 [FATAL] Updater:351 - Updater called before beeing initialized
2025-03-04 21:13:07,734 [WARN] DetailPanel:346 - Failed to get advertising image, set to default
2025-03-04 21:13:08,075 [FATAL] Updater:351 - Updater called before beeing initialized
2025-03-04 21:13:08,077 [FATAL] Updater:351 - Updater called before beeing initialized
2025-03-04 21:13:08,077 [FATAL] Updater:351 - Updater called before beeing initialized
2025-03-04 21:13:08,077 [WARN] DetailPanel:346 - Failed to get advertising image, set to default
2025-03-04 21:13:08,078 [FATAL] Updater:351 - Updater called before beeing initialized
2025-03-04 21:13:08,132 [ERROR] Updater:1198 - MainUpdater not yet initialized. External WinMGr cannot be set.
2025-03-04 21:13:08,134 [INFO] Updater:1134 - Updater Version found : 6.13.0
2025-03-04 21:13:08,148 [INFO] ApplicationProperties:184 - Using Application install path: C:\ST\STM32CubeIDE_1.17.0\STM32CubeIDE\plugins\com.st.stm32cube.common.mx_6.13.0.202411220809
2025-03-04 21:13:08,607 [INFO] ThirdPartyUpdaterWithRetryManager:70 - Updater plugin not ready yet. [2/15]
2025-03-04 21:13:09,719 [ERROR] LogOutputStream:75 - [STDERR_REDIRECT] Mar 04, 2025 9:13:09 PM java.util.prefs.WindowsPreferences <init>
2025-03-04 21:13:09,720 [ERROR] LogOutputStream:75 - [STDERR_REDIRECT] WARNING: Could not open/create prefs root node Software\JavaSoft\Prefs at root 0xffffffff80000002. Windows RegCreateKeyEx(...) returned error code 5.
2025-03-04 21:13:09,720 [ERROR] LogOutputStream:75 - [STDERR_REDIRECT] 
2025-03-04 21:13:09,985 [INFO] MainUpdater:2872 - connection check result : 10
2025-03-04 21:13:09,986 [INFO] MainUpdater:289 - Updater Check For Update Now.
2025-03-04 21:13:09,986 [INFO] MicroXplorer:498 - Change Database Version : DB.6.0.130
2025-03-04 21:13:09,995 [INFO] McuFinderGlobals:63 - Set McuFinder mode to 2 (CubeIDE integrated)
2025-03-04 21:13:09,995 [INFO] UserAuth:171 - activating auth plugin
2025-03-04 21:13:09,999 [INFO] UserAuth:486 - Internet connection configuration mode: 1
2025-03-04 21:13:10,018 [INFO] JxBrowserEngine:152 - Initiate JxBrowser Engine with user profile folder
2025-03-04 21:13:10,174 [INFO] CheckServerUpdateThread:120 - End of CheckServer Thread
2025-03-04 21:13:10,727 [INFO] WebApp:168 - Instantiating new browser for Auth
2025-03-04 21:13:11,433 [INFO] WebApp:449 - Apply proxy settings
2025-03-04 21:13:11,435 [INFO] WebApp:534 - Chromium requires no authentication
2025-03-04 21:13:11,443 [INFO] WebApp:477 - Direct internet connection detected
2025-03-04 21:13:11,470 [INFO] WebApp:880 - Register for checkConnection events
2025-03-04 21:13:11,470 [INFO] WebApp:449 - Apply proxy settings
2025-03-04 21:13:11,470 [INFO] WebApp:534 - Chromium requires no authentication
2025-03-04 21:13:11,471 [INFO] WebApp:477 - Direct internet connection detected
2025-03-04 21:13:11,657 [INFO] WebApp:221 - Starting web application
2025-03-04 21:13:11,657 [INFO] WebApp:579 - Web application path used C:\ST\STM32CubeIDE_1.17.0\STM32CubeIDE\plugins\com.st.stm32cube.common.mx_6.13.0.202411220809\db\plugins\mcufinder\reactClient1\index.html
2025-03-04 21:13:11,855 [INFO] WebApp:187 - Connection restablished
2025-03-04 21:13:12,043 [WARN] PackLoader:240 - Cannot read IP mode file for STMicroelectronics.FP-SNS-MOTENVWB1.1.4.0
2025-03-04 21:13:12,064 [WARN] PackLoader:240 - Cannot read IP mode file for STMicroelectronics.FP-ATR-ASTRA1.2.0.2
2025-03-04 21:13:12,072 [WARN] PackLoader:240 - Cannot read IP mode file for STMicroelectronics.FP-ATR-ASTRA1.2.0.1
2025-03-04 21:13:12,086 [WARN] PackLoader:240 - Cannot read IP mode file for STMicroelectronics.X-CUBE-SMBUS.2.1.0
2025-03-04 21:13:12,099 [WARN] PackLoader:240 - Cannot read IP mode file for STMicroelectronics.X-CUBE-WB05N.1.1.0
2025-03-04 21:13:12,269 [WARN] PackLoader:240 - Cannot read IP mode file for STMicroelectronics.X-CUBE-AZRTOS-F7.1.1.0
2025-03-04 21:13:12,283 [WARN] PackLoader:240 - Cannot read IP mode file for STMicroelectronics.FP-SNS-FLIGHT1.5.0.2
2025-03-04 21:13:12,344 [WARN] PackLoader:240 - Cannot read IP mode file for Infineon.AIROC-Wi-Fi-Bluetooth-STM32.1.7.0
2025-03-04 21:13:12,378 [WARN] PackLoader:240 - Cannot read IP mode file for STMicroelectronics.X-CUBE-DISPLAY.3.0.0
2025-03-04 21:13:12,397 [WARN] PackLoader:240 - Cannot read IP mode file for STMicroelectronics.X-CUBE-BLE1.7.0.0
2025-03-04 21:13:12,415 [WARN] PackLoader:240 - Cannot read IP mode file for STMicroelectronics.X-CUBE-NFC10.1.0.0
2025-03-04 21:13:12,452 [WARN] PackLoader:240 - Cannot read IP mode file for STMicroelectronics.X-CUBE-BLEMGR.4.0.0
2025-03-04 21:13:12,504 [WARN] PackLoader:240 - Cannot read IP mode file for emotas.I-CUBE-CANOPEN.1.3.0
2025-03-04 21:13:12,529 [WARN] PackLoader:240 - Cannot read IP mode file for STMicroelectronics.X-CUBE-AI.10.0.0
2025-03-04 21:13:12,551 [WARN] PackLoader:240 - Cannot read IP mode file for STMicroelectronics.FP-SNS-SMARTAG2.1.2.0
2025-03-04 21:13:12,850 [WARN] PackLoader:240 - Cannot read IP mode file for STMicroelectronics.X-CUBE-MEMS1.11.1.0
2025-03-04 21:13:13,486 [INFO] LogOutputStream:77 - [STDOUT_REDIRECT] 1 : Invalid condition id : UX_CORESTACK_Condition cause : null
2025-03-04 21:13:13,507 [INFO] LogOutputStream:77 - [STDOUT_REDIRECT] 1 : Invalid condition id : UX_CORESTACK_Condition cause : null
2025-03-04 21:13:13,515 [INFO] LogOutputStream:77 - [STDOUT_REDIRECT] 1 : Invalid condition id : UX_CORESTACK_Condition cause : null
2025-03-04 21:13:13,525 [INFO] LogOutputStream:77 - [STDOUT_REDIRECT] 1 : Invalid condition id : UX_CORESTACK_Condition cause : null
2025-03-04 21:13:13,532 [INFO] LogOutputStream:77 - [STDOUT_REDIRECT] 1 : Invalid condition id : UX_CORESTACK_Condition cause : null
2025-03-04 21:13:13,541 [WARN] PackLoader:240 - Cannot read IP mode file for STMicroelectronics.X-CUBE-AZRTOS-WL.2.0.0
2025-03-04 21:13:13,560 [WARN] PackLoader:240 - Cannot read IP mode file for STMicroelectronics.FP-SNS-MOTENV1.5.0.0
2025-03-04 21:13:13,587 [WARN] PackLoader:240 - Cannot read IP mode file for WES.I-CUBE-Cesium.1.3.0
2025-03-04 21:13:13,599 [WARN] PackLoader:240 - Cannot read IP mode file for STMicroelectronics.X-CUBE-BLE2.3.3.0
2025-03-04 21:13:13,628 [WARN] PackLoader:240 - Cannot read IP mode file for STMicroelectronics.X-CUBE-NFC9.1.0.0
2025-03-04 21:13:13,645 [WARN] PackLoader:240 - Cannot read IP mode file for STMicroelectronics.X-CUBE-BLE1.7.1.0
2025-03-04 21:13:13,695 [WARN] PackLoader:240 - Cannot read IP mode file for STMicroelectronics.X-CUBE-AZRTOS-G0.1.1.0
2025-03-04 21:13:13,718 [WARN] PackLoader:240 - Cannot read IP mode file for STMicroelectronics.X-CUBE-SAFEA1.1.2.2
2025-03-04 21:13:13,769 [WARN] PackLoader:240 - Cannot read IP mode file for STMicroelectronics.X-CUBE-NFC4.3.0.0
2025-03-04 21:13:13,795 [WARN] PackLoader:240 - Cannot read IP mode file for EmbeddedOffice.I-CUBE-FS-RTOS.1.0.1
2025-03-04 21:13:13,812 [WARN] PackLoader:240 - Cannot read IP mode file for STMicroelectronics.X-CUBE-TCPP.4.2.0
2025-03-04 21:13:13,829 [WARN] PackLoader:240 - Cannot read IP mode file for RealThread.X-CUBE-RT-Thread_Nano.4.1.1
2025-03-04 21:13:13,838 [WARN] PackLoader:240 - Cannot read IP mode file for STMicroelectronics.FP-ATR-SIGFOX1.3.2.0
2025-03-04 21:13:13,847 [WARN] ConditionMgr:438 - getConditionDescription Invalid condition id : Cortex-A Device cause : null
2025-03-04 21:13:13,894 [WARN] ConditionMgr:1044 - genDependencies : Invalid condition id : Cortex-A Device cause : null
2025-03-04 21:13:13,894 [WARN] ConditionMgr:1044 - genDependencies : Invalid condition id : Cortex-A Device cause : null
2025-03-04 21:13:13,895 [WARN] ConditionMgr:1044 - genDependencies : Invalid condition id : Cortex-A Device cause : null
2025-03-04 21:13:13,956 [WARN] PackLoader:240 - Cannot read IP mode file for STMicroelectronics.X-CUBE-EEPRMA1.5.1.0
2025-03-04 21:13:13,990 [WARN] PackLoader:240 - Cannot read IP mode file for ITTIA_DB.I-CUBE-ITTIADB.8.9.0
2025-03-04 21:13:14,084 [WARN] PackLoader:240 - Cannot read IP mode file for SEGGER.I-CUBE-embOS.1.3.1
2025-03-04 21:13:14,239 [WARN] PackLoader:240 - Cannot read IP mode file for STMicroelectronics.X-CUBE-ALGOBUILD.1.4.0
2025-03-04 21:13:14,248 [WARN] PackLoader:240 - Cannot read IP mode file for STMicroelectronics.X-CUBE-AI.9.1.0
2025-03-04 21:13:14,291 [WARN] PackLoader:240 - Cannot read IP mode file for STMicroelectronics.X-CUBE-AZRTOS-F4.1.1.0
2025-03-04 21:13:14,310 [WARN] PackLoader:240 - Cannot read IP mode file for STMicroelectronics.X-CUBE-ISPU.2.1.0
2025-03-04 21:13:14,357 [WARN] PackLoader:240 - Cannot read IP mode file for STMicroelectronics.X-CUBE-AZRTOS-L5.2.0.0
2025-03-04 21:13:14,383 [WARN] PackLoader:240 - Cannot read IP mode file for STMicroelectronics.X-CUBE-NFC6.3.1.0
2025-03-04 21:13:14,403 [WARN] PackLoader:240 - Cannot read IP mode file for STMicroelectronics.X-CUBE-DPower.1.2.0
2025-03-04 21:13:14,417 [WARN] PackLoader:240 - Cannot read IP mode file for STMicroelectronics.X-CUBE-FREERTOS.1.3.0
2025-03-04 21:13:14,438 [WARN] PackLoader:240 - Cannot read IP mode file for STMicroelectronics.X-CUBE-NFC7.1.0.1
2025-03-04 21:13:14,482 [WARN] ConditionMgr:438 - getConditionDescription Invalid condition id : LAN8742 Phy interface Condition cause : null
2025-03-04 21:13:14,484 [WARN] PackLoader:240 - Cannot read IP mode file for STMicroelectronics.X-CUBE-AZRTOS-L4.2.0.0
2025-03-04 21:13:14,487 [WARN] ConditionMgr:1044 - genDependencies : Invalid condition id : LAN8742 Phy interface Condition cause : null
2025-03-04 21:13:14,487 [WARN] ConditionMgr:1044 - genDependencies : Invalid condition id : LAN8742 Phy interface Condition cause : null
2025-03-04 21:13:14,489 [WARN] ConditionMgr:1044 - genDependencies : Invalid condition id : LAN8742 Phy interface Condition cause : null
2025-03-04 21:13:14,507 [WARN] PackLoader:240 - Cannot read IP mode file for STMicroelectronics.X-CUBE-SFXS2LP1.4.0.0
2025-03-04 21:13:14,560 [WARN] PackLoader:240 - Cannot read IP mode file for STMicroelectronics.X-CUBE-AZRTOS-H7.3.3.0
2025-03-04 21:13:14,593 [WARN] PackLoader:240 - Cannot read IP mode file for STMicroelectronics.X-CUBE-IPS.3.0.0
2025-03-04 21:13:14,633 [WARN] ConditionMgr:438 - getConditionDescription Invalid condition id : UX DEVICE CLASS RTOS Condition cause : null
2025-03-04 21:13:14,634 [WARN] ConditionMgr:438 - getConditionDescription Invalid condition id : UX DEVICE CLASS RTOS Condition cause : null
2025-03-04 21:13:14,640 [WARN] PackLoader:240 - Cannot read IP mode file for STMicroelectronics.X-CUBE-AZRTOS-WB.2.0.0
2025-03-04 21:13:14,641 [WARN] ConditionMgr:1044 - genDependencies : Invalid condition id : UX DEVICE CLASS RTOS Condition cause : null
2025-03-04 21:13:14,641 [WARN] ConditionMgr:1044 - genDependencies : Invalid condition id : UX DEVICE CLASS RTOS Condition cause : null
2025-03-04 21:13:14,642 [WARN] ConditionMgr:1044 - genDependencies : Invalid condition id : UX DEVICE CLASS RTOS Condition cause : null
2025-03-04 21:13:14,643 [WARN] ConditionMgr:1044 - genDependencies : Invalid condition id : UX DEVICE CLASS RTOS Condition cause : null
2025-03-04 21:13:14,643 [WARN] ConditionMgr:1044 - genDependencies : Invalid condition id : UX DEVICE CLASS RTOS Condition cause : null
2025-03-04 21:13:14,657 [WARN] PackLoader:240 - Cannot read IP mode file for STMicroelectronics.X-CUBE-GNSS1.7.0.1
2025-03-04 21:13:14,674 [WARN] PackLoader:240 - Cannot read IP mode file for STMicroelectronics.FP-SNS-STBOX1.2.0.0
2025-03-04 21:13:14,711 [WARN] PackLoader:240 - Cannot read IP mode file for STMicroelectronics.X-CUBE-SUBG2.5.0.0
2025-03-04 21:13:14,729 [WARN] PackLoader:240 - Cannot read IP mode file for Cesanta.I-CUBE-Mongoose.7.13.0
2025-03-04 21:13:14,752 [WARN] PackLoader:240 - Cannot read IP mode file for STMicroelectronics.X-CUBE-AZRTOS-G4.2.0.0
2025-03-04 21:13:14,779 [WARN] PackLoader:240 - Cannot read IP mode file for STMicroelectronics.X-CUBE-IPS.3.1.0
2025-03-04 21:13:14,798 [WARN] PackLoader:240 - Cannot read IP mode file for STMicroelectronics.X-CUBE-ALS.1.0.2
2025-03-04 21:13:14,808 [WARN] PackLoader:240 - Cannot read IP mode file for STMicroelectronics.X-CUBE-TOUCHGFX.4.24.2
2025-03-04 21:13:14,813 [WARN] PackLoader:240 - Cannot read IP mode file for STMicroelectronics.X-CUBE-TOUCHGFX.4.24.1
2025-03-04 21:13:14,825 [WARN] PackLoader:240 - Cannot read IP mode file for portGmbH.I-Cube-SoM-uGOAL.1.1.0
2025-03-04 21:13:14,858 [WARN] PackLoader:240 - Cannot read IP mode file for STMicroelectronics.X-CUBE-AZRTOS-H7RS.1.0.0
2025-03-04 21:13:14,877 [WARN] PackLoader:240 - Cannot read IP mode file for STMicroelectronics.X-CUBE-TOF1.3.4.2
2025-03-04 21:13:14,893 [INFO] ThirdParty:978 - Integrity check success = true
2025-03-04 21:13:14,893 [INFO] IntegrityCheckThread:100 - exiting critical section [integrity check]
2025-03-04 21:13:14,893 [INFO] IntegrityCheckThread:103 - End integrity checks thread
2025-03-04 21:16:10,988 [ERROR] LogOutputStream:75 - [STDERR_REDIRECT] 
2025-03-04 21:16:10,989 [ERROR] LogOutputStream:75 - [STDERR_REDIRECT] 
